<?xml version="1.0" encoding="UTF-8"?>
<coverage generated="1583725892123" clover="3.2.0">
  <project timestamp="1583725892123" name="All files">
    <metrics statements="75" coveredstatements="74" conditionals="22" coveredconditionals="21" methods="13" coveredmethods="13" elements="110" coveredelements="108" complexity="0" loc="75" ncloc="75" packages="2" files="2" classes="2"/>
    <package name="client">
      <metrics statements="26" coveredstatements="26" conditionals="2" coveredconditionals="2" methods="5" coveredmethods="5"/>
      <file name="BoardMock.js" path="/Users/brahmnoorsinghchawla/Google Drive/Courses/Year 3/SE181/OnlineChess/app/src/client/BoardMock.js">
        <metrics statements="26" coveredstatements="26" conditionals="2" coveredconditionals="2" methods="5" coveredmethods="5"/>
        <line num="1" count="1" type="stmt"/>
        <line num="3" count="1" type="stmt"/>
        <line num="6" count="2" type="stmt"/>
        <line num="7" count="2" type="stmt"/>
        <line num="8" count="16" type="stmt"/>
        <line num="9" count="16" type="stmt"/>
        <line num="10" count="128" type="stmt"/>
        <line num="12" count="16" type="stmt"/>
        <line num="14" count="2" type="stmt"/>
        <line num="18" count="1" type="stmt"/>
        <line num="22" count="1" type="stmt"/>
        <line num="23" count="1" type="stmt"/>
        <line num="24" count="1" type="stmt"/>
        <line num="28" count="1" type="stmt"/>
        <line num="29" count="8" type="stmt"/>
        <line num="30" count="8" type="stmt"/>
        <line num="31" count="36" type="cond" truecount="2" falsecount="0"/>
        <line num="32" count="32" type="stmt"/>
        <line num="34" count="4" type="stmt"/>
        <line num="35" count="4" type="stmt"/>
        <line num="38" count="8" type="stmt"/>
        <line num="42" count="1" type="stmt"/>
        <line num="43" count="8" type="stmt"/>
        <line num="44" count="8" type="stmt"/>
        <line num="45" count="64" type="stmt"/>
        <line num="48" count="1" type="stmt"/>
      </file>
    </package>
    <package name="server">
      <metrics statements="49" coveredstatements="48" conditionals="20" coveredconditionals="19" methods="8" coveredmethods="8"/>
      <file name="SystemManager.js" path="/Users/brahmnoorsinghchawla/Google Drive/Courses/Year 3/SE181/OnlineChess/app/src/server/SystemManager.js">
        <metrics statements="49" coveredstatements="48" conditionals="20" coveredconditionals="19" methods="8" coveredmethods="8"/>
        <line num="1" count="1" type="stmt"/>
        <line num="3" count="1" type="stmt"/>
        <line num="9" count="1" type="stmt"/>
        <line num="20" count="13" type="stmt"/>
        <line num="21" count="13" type="stmt"/>
        <line num="22" count="13" type="stmt"/>
        <line num="31" count="23" type="cond" truecount="2" falsecount="0"/>
        <line num="32" count="1" type="stmt"/>
        <line num="34" count="22" type="stmt"/>
        <line num="35" count="22" type="stmt"/>
        <line num="45" count="2" type="cond" truecount="2" falsecount="0"/>
        <line num="46" count="1" type="stmt"/>
        <line num="47" count="1" type="stmt"/>
        <line num="49" count="1" type="stmt"/>
        <line num="58" count="3" type="stmt"/>
        <line num="69" count="10" type="cond" truecount="2" falsecount="0"/>
        <line num="70" count="1" type="stmt"/>
        <line num="74" count="9" type="cond" truecount="2" falsecount="0"/>
        <line num="75" count="1" type="stmt"/>
        <line num="79" count="8" type="cond" truecount="2" falsecount="0"/>
        <line num="80" count="1" type="stmt"/>
        <line num="84" count="7" type="cond" truecount="2" falsecount="0"/>
        <line num="85" count="1" type="stmt"/>
        <line num="88" count="6" type="stmt"/>
        <line num="99" count="4" type="stmt"/>
        <line num="102" count="4" type="stmt"/>
        <line num="105" count="4" type="stmt"/>
        <line num="112" count="4" type="stmt"/>
        <line num="113" count="4" type="stmt"/>
        <line num="116" count="4" type="stmt"/>
        <line num="135" count="5" type="stmt"/>
        <line num="136" count="5" type="stmt"/>
        <line num="137" count="5" type="cond" truecount="2" falsecount="0"/>
        <line num="138" count="4" type="stmt"/>
        <line num="139" count="1" type="cond" truecount="1" falsecount="1"/>
        <line num="140" count="1" type="stmt"/>
        <line num="142" count="0" type="stmt"/>
        <line num="145" count="5" type="stmt"/>
        <line num="146" count="5" type="stmt"/>
        <line num="147" count="5" type="cond" truecount="2" falsecount="0"/>
        <line num="148" count="4" type="stmt"/>
        <line num="149" count="4" type="stmt"/>
        <line num="150" count="4" type="stmt"/>
        <line num="151" count="4" type="cond" truecount="2" falsecount="0"/>
        <line num="152" count="3" type="stmt"/>
        <line num="154" count="1" type="stmt"/>
        <line num="156" count="1" type="stmt"/>
        <line num="159" count="5" type="stmt"/>
        <line num="163" count="1" type="stmt"/>
      </file>
    </package>
  </project>
</coverage>
