{"/Users/brahmnoorsinghchawla/Google Drive/Courses/Year 3/SE181/OnlineChess/app/src/client/BoardMock.js": {"path":"/Users/brahmnoorsinghchawla/Google Drive/Courses/Year 3/SE181/OnlineChess/app/src/client/BoardMock.js","statementMap":{"0":{"start":{"line":1,"column":14},"end":{"line":1,"column":33}},"1":{"start":{"line":3,"column":18},"end":{"line":3,"column":35}},"2":{"start":{"line":6,"column":12},"end":{"line":6,"column":14}},"3":{"start":{"line":7,"column":2},"end":{"line":13,"column":3}},"4":{"start":{"line":7,"column":15},"end":{"line":7,"column":16}},"5":{"start":{"line":8,"column":18},"end":{"line":8,"column":20}},"6":{"start":{"line":9,"column":4},"end":{"line":11,"column":5}},"7":{"start":{"line":9,"column":17},"end":{"line":9,"column":18}},"8":{"start":{"line":10,"column":6},"end":{"line":10,"column":27}},"9":{"start":{"line":12,"column":4},"end":{"line":12,"column":21}},"10":{"start":{"line":14,"column":2},"end":{"line":14,"column":13}},"11":{"start":{"line":18,"column":16},"end":{"line":18,"column":42}},"12":{"start":{"line":22,"column":14},"end":{"line":22,"column":72}},"13":{"start":{"line":23,"column":21},"end":{"line":23,"column":52}},"14":{"start":{"line":24,"column":15},"end":{"line":24,"column":48}},"15":{"start":{"line":28,"column":4},"end":{"line":39,"column":7}},"16":{"start":{"line":29,"column":19},"end":{"line":29,"column":21}},"17":{"start":{"line":30,"column":6},"end":{"line":37,"column":7}},"18":{"start":{"line":30,"column":19},"end":{"line":30,"column":20}},"19":{"start":{"line":31,"column":8},"end":{"line":36,"column":9}},"20":{"start":{"line":32,"column":10},"end":{"line":32,"column":27}},"21":{"start":{"line":34,"column":22},"end":{"line":34,"column":50}},"22":{"start":{"line":35,"column":10},"end":{"line":35,"column":26}},"23":{"start":{"line":38,"column":6},"end":{"line":38,"column":23}},"24":{"start":{"line":42,"column":4},"end":{"line":47,"column":7}},"25":{"start":{"line":43,"column":6},"end":{"line":43,"column":21}},"26":{"start":{"line":44,"column":6},"end":{"line":46,"column":9}},"27":{"start":{"line":45,"column":8},"end":{"line":45,"column":26}},"28":{"start":{"line":48,"column":4},"end":{"line":48,"column":17}}},"fnMap":{"0":{"name":"createEmptyMatrix","decl":{"start":{"line":5,"column":9},"end":{"line":5,"column":26}},"loc":{"start":{"line":5,"column":54},"end":{"line":15,"column":1}},"line":5},"1":{"name":"initializeBoard","decl":{"start":{"line":17,"column":9},"end":{"line":17,"column":24}},"loc":{"start":{"line":17,"column":27},"end":{"line":49,"column":1}},"line":17},"2":{"name":"(anonymous_2)","decl":{"start":{"line":28,"column":17},"end":{"line":28,"column":18}},"loc":{"start":{"line":28,"column":29},"end":{"line":39,"column":5}},"line":28},"3":{"name":"(anonymous_3)","decl":{"start":{"line":42,"column":17},"end":{"line":42,"column":18}},"loc":{"start":{"line":42,"column":29},"end":{"line":47,"column":5}},"line":42},"4":{"name":"(anonymous_4)","decl":{"start":{"line":44,"column":18},"end":{"line":44,"column":19}},"loc":{"start":{"line":44,"column":30},"end":{"line":46,"column":7}},"line":44}},"branchMap":{"0":{"loc":{"start":{"line":31,"column":8},"end":{"line":36,"column":9}},"type":"if","locations":[{"start":{"line":31,"column":8},"end":{"line":36,"column":9}},{"start":{"line":31,"column":8},"end":{"line":36,"column":9}}],"line":31}},"s":{"0":1,"1":1,"2":2,"3":2,"4":2,"5":16,"6":16,"7":16,"8":128,"9":16,"10":2,"11":1,"12":1,"13":1,"14":1,"15":1,"16":8,"17":8,"18":8,"19":36,"20":32,"21":4,"22":4,"23":8,"24":1,"25":8,"26":8,"27":64,"28":1},"f":{"0":2,"1":1,"2":8,"3":8,"4":64},"b":{"0":[32,4]},"_coverageSchema":"1a1c01bbd47fc00a2c39e90264f33305004495a9","hash":"2cdf3930365c096e5f2c2f6526720d86fa7fbb27"}
,"/Users/brahmnoorsinghchawla/Google Drive/Courses/Year 3/SE181/OnlineChess/app/src/server/SystemManager.js": {"path":"/Users/brahmnoorsinghchawla/Google Drive/Courses/Year 3/SE181/OnlineChess/app/src/server/SystemManager.js","statementMap":{"0":{"start":{"line":1,"column":14},"end":{"line":1,"column":33}},"1":{"start":{"line":3,"column":19},"end":{"line":7,"column":1}},"2":{"start":{"line":9,"column":19},"end":{"line":14,"column":1}},"3":{"start":{"line":20,"column":4},"end":{"line":20,"column":38}},"4":{"start":{"line":21,"column":4},"end":{"line":21,"column":25}},"5":{"start":{"line":22,"column":4},"end":{"line":22,"column":24}},"6":{"start":{"line":31,"column":4},"end":{"line":36,"column":5}},"7":{"start":{"line":32,"column":6},"end":{"line":32,"column":19}},"8":{"start":{"line":34,"column":6},"end":{"line":34,"column":35}},"9":{"start":{"line":35,"column":6},"end":{"line":35,"column":18}},"10":{"start":{"line":45,"column":4},"end":{"line":50,"column":5}},"11":{"start":{"line":46,"column":6},"end":{"line":46,"column":38}},"12":{"start":{"line":47,"column":6},"end":{"line":47,"column":18}},"13":{"start":{"line":49,"column":6},"end":{"line":49,"column":19}},"14":{"start":{"line":58,"column":5},"end":{"line":58,"column":39}},"15":{"start":{"line":69,"column":5},"end":{"line":71,"column":6}},"16":{"start":{"line":70,"column":7},"end":{"line":70,"column":20}},"17":{"start":{"line":74,"column":5},"end":{"line":76,"column":6}},"18":{"start":{"line":75,"column":7},"end":{"line":75,"column":20}},"19":{"start":{"line":79,"column":5},"end":{"line":81,"column":6}},"20":{"start":{"line":80,"column":7},"end":{"line":80,"column":20}},"21":{"start":{"line":84,"column":5},"end":{"line":86,"column":6}},"22":{"start":{"line":85,"column":7},"end":{"line":85,"column":20}},"23":{"start":{"line":88,"column":5},"end":{"line":88,"column":17}},"24":{"start":{"line":99,"column":5},"end":{"line":99,"column":30}},"25":{"start":{"line":102,"column":5},"end":{"line":102,"column":30}},"26":{"start":{"line":105,"column":5},"end":{"line":111,"column":7}},"27":{"start":{"line":112,"column":5},"end":{"line":112,"column":70}},"28":{"start":{"line":113,"column":5},"end":{"line":113,"column":78}},"29":{"start":{"line":116,"column":5},"end":{"line":116,"column":36}},"30":{"start":{"line":135,"column":14},"end":{"line":135,"column":32}},"31":{"start":{"line":136,"column":17},"end":{"line":136,"column":21}},"32":{"start":{"line":137,"column":5},"end":{"line":143,"column":6}},"33":{"start":{"line":138,"column":7},"end":{"line":138,"column":22}},"34":{"start":{"line":139,"column":12},"end":{"line":143,"column":6}},"35":{"start":{"line":140,"column":7},"end":{"line":140,"column":22}},"36":{"start":{"line":142,"column":7},"end":{"line":142,"column":19}},"37":{"start":{"line":146,"column":18},"end":{"line":146,"column":52}},"38":{"start":{"line":147,"column":5},"end":{"line":157,"column":6}},"39":{"start":{"line":148,"column":7},"end":{"line":148,"column":52}},"40":{"start":{"line":149,"column":7},"end":{"line":149,"column":68}},"41":{"start":{"line":150,"column":7},"end":{"line":150,"column":76}},"42":{"start":{"line":151,"column":7},"end":{"line":154,"column":46}},"43":{"start":{"line":152,"column":10},"end":{"line":152,"column":46}},"44":{"start":{"line":154,"column":10},"end":{"line":154,"column":46}},"45":{"start":{"line":156,"column":7},"end":{"line":156,"column":60}},"46":{"start":{"line":159,"column":5},"end":{"line":159,"column":34}},"47":{"start":{"line":163,"column":0},"end":{"line":167,"column":2}}},"fnMap":{"0":{"name":"(anonymous_0)","decl":{"start":{"line":19,"column":2},"end":{"line":19,"column":3}},"loc":{"start":{"line":19,"column":16},"end":{"line":23,"column":3}},"line":19},"1":{"name":"(anonymous_1)","decl":{"start":{"line":30,"column":2},"end":{"line":30,"column":3}},"loc":{"start":{"line":30,"column":15},"end":{"line":37,"column":3}},"line":30},"2":{"name":"(anonymous_2)","decl":{"start":{"line":44,"column":2},"end":{"line":44,"column":3}},"loc":{"start":{"line":44,"column":18},"end":{"line":51,"column":3}},"line":44},"3":{"name":"(anonymous_3)","decl":{"start":{"line":57,"column":3},"end":{"line":57,"column":4}},"loc":{"start":{"line":57,"column":16},"end":{"line":59,"column":4}},"line":57},"4":{"name":"(anonymous_4)","decl":{"start":{"line":67,"column":3},"end":{"line":67,"column":4}},"loc":{"start":{"line":67,"column":24},"end":{"line":89,"column":4}},"line":67},"5":{"name":"(anonymous_5)","decl":{"start":{"line":97,"column":3},"end":{"line":97,"column":4}},"loc":{"start":{"line":97,"column":23},"end":{"line":117,"column":4}},"line":97},"6":{"name":"(anonymous_6)","decl":{"start":{"line":124,"column":3},"end":{"line":124,"column":4}},"loc":{"start":{"line":124,"column":23},"end":{"line":126,"column":4}},"line":124},"7":{"name":"(anonymous_7)","decl":{"start":{"line":134,"column":3},"end":{"line":134,"column":4}},"loc":{"start":{"line":134,"column":22},"end":{"line":160,"column":4}},"line":134}},"branchMap":{"0":{"loc":{"start":{"line":31,"column":4},"end":{"line":36,"column":5}},"type":"if","locations":[{"start":{"line":31,"column":4},"end":{"line":36,"column":5}},{"start":{"line":31,"column":4},"end":{"line":36,"column":5}}],"line":31},"1":{"loc":{"start":{"line":45,"column":4},"end":{"line":50,"column":5}},"type":"if","locations":[{"start":{"line":45,"column":4},"end":{"line":50,"column":5}},{"start":{"line":45,"column":4},"end":{"line":50,"column":5}}],"line":45},"2":{"loc":{"start":{"line":69,"column":5},"end":{"line":71,"column":6}},"type":"if","locations":[{"start":{"line":69,"column":5},"end":{"line":71,"column":6}},{"start":{"line":69,"column":5},"end":{"line":71,"column":6}}],"line":69},"3":{"loc":{"start":{"line":74,"column":5},"end":{"line":76,"column":6}},"type":"if","locations":[{"start":{"line":74,"column":5},"end":{"line":76,"column":6}},{"start":{"line":74,"column":5},"end":{"line":76,"column":6}}],"line":74},"4":{"loc":{"start":{"line":79,"column":5},"end":{"line":81,"column":6}},"type":"if","locations":[{"start":{"line":79,"column":5},"end":{"line":81,"column":6}},{"start":{"line":79,"column":5},"end":{"line":81,"column":6}}],"line":79},"5":{"loc":{"start":{"line":84,"column":5},"end":{"line":86,"column":6}},"type":"if","locations":[{"start":{"line":84,"column":5},"end":{"line":86,"column":6}},{"start":{"line":84,"column":5},"end":{"line":86,"column":6}}],"line":84},"6":{"loc":{"start":{"line":137,"column":5},"end":{"line":143,"column":6}},"type":"if","locations":[{"start":{"line":137,"column":5},"end":{"line":143,"column":6}},{"start":{"line":137,"column":5},"end":{"line":143,"column":6}}],"line":137},"7":{"loc":{"start":{"line":139,"column":12},"end":{"line":143,"column":6}},"type":"if","locations":[{"start":{"line":139,"column":12},"end":{"line":143,"column":6}},{"start":{"line":139,"column":12},"end":{"line":143,"column":6}}],"line":139},"8":{"loc":{"start":{"line":147,"column":5},"end":{"line":157,"column":6}},"type":"if","locations":[{"start":{"line":147,"column":5},"end":{"line":157,"column":6}},{"start":{"line":147,"column":5},"end":{"line":157,"column":6}}],"line":147},"9":{"loc":{"start":{"line":151,"column":7},"end":{"line":154,"column":46}},"type":"if","locations":[{"start":{"line":151,"column":7},"end":{"line":154,"column":46}},{"start":{"line":151,"column":7},"end":{"line":154,"column":46}}],"line":151}},"s":{"0":1,"1":1,"2":1,"3":27,"4":27,"5":27,"6":51,"7":1,"8":50,"9":50,"10":2,"11":1,"12":1,"13":1,"14":3,"15":24,"16":1,"17":23,"18":1,"19":22,"20":1,"21":21,"22":1,"23":20,"24":18,"25":18,"26":18,"27":18,"28":18,"29":18,"30":46,"31":46,"32":46,"33":31,"34":15,"35":15,"36":0,"37":46,"38":46,"39":40,"40":40,"41":40,"42":40,"43":25,"44":15,"45":6,"46":46,"47":1},"f":{"0":27,"1":51,"2":2,"3":3,"4":24,"5":18,"6":1,"7":46},"b":{"0":[1,50],"1":[1,1],"2":[1,23],"3":[1,22],"4":[1,21],"5":[1,20],"6":[31,15],"7":[15,0],"8":[40,6],"9":[25,15]},"_coverageSchema":"1a1c01bbd47fc00a2c39e90264f33305004495a9","hash":"cc827405009f12d9b378e0277d01d86a8e96fac0"}
}
