{"/Users/brahmnoorsinghchawla/Google Drive/Courses/Year 3/SE181/OnlineChess/app/src/client/App.mock.js": {"path":"/Users/brahmnoorsinghchawla/Google Drive/Courses/Year 3/SE181/OnlineChess/app/src/client/App.mock.js","statementMap":{"0":{"start":{"line":2,"column":12},"end":{"line":2,"column":14}},"1":{"start":{"line":3,"column":2},"end":{"line":9,"column":3}},"2":{"start":{"line":3,"column":15},"end":{"line":3,"column":16}},"3":{"start":{"line":4,"column":18},"end":{"line":4,"column":20}},"4":{"start":{"line":5,"column":4},"end":{"line":7,"column":5}},"5":{"start":{"line":5,"column":17},"end":{"line":5,"column":18}},"6":{"start":{"line":6,"column":6},"end":{"line":6,"column":27}},"7":{"start":{"line":8,"column":4},"end":{"line":8,"column":21}},"8":{"start":{"line":10,"column":2},"end":{"line":10,"column":13}},"9":{"start":{"line":14,"column":16},"end":{"line":14,"column":42}},"10":{"start":{"line":18,"column":14},"end":{"line":18,"column":72}},"11":{"start":{"line":19,"column":21},"end":{"line":19,"column":52}},"12":{"start":{"line":20,"column":15},"end":{"line":20,"column":48}},"13":{"start":{"line":24,"column":4},"end":{"line":35,"column":7}},"14":{"start":{"line":25,"column":19},"end":{"line":25,"column":21}},"15":{"start":{"line":26,"column":6},"end":{"line":33,"column":7}},"16":{"start":{"line":26,"column":19},"end":{"line":26,"column":20}},"17":{"start":{"line":27,"column":8},"end":{"line":32,"column":9}},"18":{"start":{"line":28,"column":10},"end":{"line":28,"column":27}},"19":{"start":{"line":30,"column":22},"end":{"line":30,"column":50}},"20":{"start":{"line":31,"column":10},"end":{"line":31,"column":26}},"21":{"start":{"line":34,"column":6},"end":{"line":34,"column":23}},"22":{"start":{"line":38,"column":4},"end":{"line":43,"column":7}},"23":{"start":{"line":39,"column":6},"end":{"line":39,"column":21}},"24":{"start":{"line":40,"column":6},"end":{"line":42,"column":9}},"25":{"start":{"line":41,"column":8},"end":{"line":41,"column":26}},"26":{"start":{"line":44,"column":4},"end":{"line":44,"column":17}}},"fnMap":{"0":{"name":"createEmptyMatrix","decl":{"start":{"line":1,"column":9},"end":{"line":1,"column":26}},"loc":{"start":{"line":1,"column":54},"end":{"line":11,"column":1}},"line":1},"1":{"name":"initializeBoard","decl":{"start":{"line":13,"column":9},"end":{"line":13,"column":24}},"loc":{"start":{"line":13,"column":27},"end":{"line":45,"column":3}},"line":13},"2":{"name":"(anonymous_2)","decl":{"start":{"line":24,"column":17},"end":{"line":24,"column":18}},"loc":{"start":{"line":24,"column":29},"end":{"line":35,"column":5}},"line":24},"3":{"name":"(anonymous_3)","decl":{"start":{"line":38,"column":17},"end":{"line":38,"column":18}},"loc":{"start":{"line":38,"column":29},"end":{"line":43,"column":5}},"line":38},"4":{"name":"(anonymous_4)","decl":{"start":{"line":40,"column":18},"end":{"line":40,"column":19}},"loc":{"start":{"line":40,"column":30},"end":{"line":42,"column":7}},"line":40}},"branchMap":{"0":{"loc":{"start":{"line":27,"column":8},"end":{"line":32,"column":9}},"type":"if","locations":[{"start":{"line":27,"column":8},"end":{"line":32,"column":9}},{"start":{"line":27,"column":8},"end":{"line":32,"column":9}}],"line":27}},"s":{"0":2,"1":2,"2":2,"3":16,"4":16,"5":16,"6":128,"7":16,"8":2,"9":1,"10":1,"11":1,"12":1,"13":1,"14":8,"15":8,"16":8,"17":36,"18":32,"19":4,"20":4,"21":8,"22":1,"23":8,"24":8,"25":64,"26":1},"f":{"0":2,"1":1,"2":8,"3":8,"4":64},"b":{"0":[32,4]},"_coverageSchema":"1a1c01bbd47fc00a2c39e90264f33305004495a9","hash":"6ae912a4be4a90bcf2a5de681be50eaf11be32ca"}
,"/Users/brahmnoorsinghchawla/Google Drive/Courses/Year 3/SE181/OnlineChess/app/src/server/SystemManager.js": {"path":"/Users/brahmnoorsinghchawla/Google Drive/Courses/Year 3/SE181/OnlineChess/app/src/server/SystemManager.js","statementMap":{"0":{"start":{"line":1,"column":14},"end":{"line":1,"column":33}},"1":{"start":{"line":3,"column":19},"end":{"line":7,"column":1}},"2":{"start":{"line":9,"column":19},"end":{"line":14,"column":1}},"3":{"start":{"line":20,"column":4},"end":{"line":20,"column":38}},"4":{"start":{"line":21,"column":4},"end":{"line":21,"column":33}},"5":{"start":{"line":22,"column":4},"end":{"line":22,"column":25}},"6":{"start":{"line":23,"column":4},"end":{"line":23,"column":24}},"7":{"start":{"line":32,"column":4},"end":{"line":37,"column":5}},"8":{"start":{"line":33,"column":6},"end":{"line":33,"column":19}},"9":{"start":{"line":35,"column":6},"end":{"line":35,"column":35}},"10":{"start":{"line":36,"column":6},"end":{"line":36,"column":18}},"11":{"start":{"line":47,"column":4},"end":{"line":49,"column":5}},"12":{"start":{"line":48,"column":6},"end":{"line":48,"column":33}},"13":{"start":{"line":51,"column":4},"end":{"line":56,"column":5}},"14":{"start":{"line":52,"column":6},"end":{"line":52,"column":38}},"15":{"start":{"line":53,"column":6},"end":{"line":53,"column":18}},"16":{"start":{"line":55,"column":6},"end":{"line":55,"column":19}},"17":{"start":{"line":64,"column":5},"end":{"line":64,"column":39}},"18":{"start":{"line":75,"column":5},"end":{"line":77,"column":6}},"19":{"start":{"line":76,"column":7},"end":{"line":76,"column":20}},"20":{"start":{"line":80,"column":5},"end":{"line":82,"column":6}},"21":{"start":{"line":81,"column":7},"end":{"line":81,"column":20}},"22":{"start":{"line":85,"column":5},"end":{"line":87,"column":6}},"23":{"start":{"line":86,"column":7},"end":{"line":86,"column":20}},"24":{"start":{"line":90,"column":5},"end":{"line":92,"column":6}},"25":{"start":{"line":91,"column":7},"end":{"line":91,"column":20}},"26":{"start":{"line":95,"column":5},"end":{"line":97,"column":6}},"27":{"start":{"line":96,"column":7},"end":{"line":96,"column":20}},"28":{"start":{"line":100,"column":5},"end":{"line":102,"column":6}},"29":{"start":{"line":101,"column":7},"end":{"line":101,"column":20}},"30":{"start":{"line":105,"column":5},"end":{"line":105,"column":30}},"31":{"start":{"line":106,"column":5},"end":{"line":106,"column":30}},"32":{"start":{"line":108,"column":5},"end":{"line":108,"column":17}},"33":{"start":{"line":119,"column":5},"end":{"line":119,"column":30}},"34":{"start":{"line":122,"column":5},"end":{"line":122,"column":30}},"35":{"start":{"line":125,"column":5},"end":{"line":131,"column":7}},"36":{"start":{"line":132,"column":5},"end":{"line":132,"column":70}},"37":{"start":{"line":133,"column":5},"end":{"line":133,"column":78}},"38":{"start":{"line":136,"column":5},"end":{"line":136,"column":36}},"39":{"start":{"line":145,"column":5},"end":{"line":147,"column":6}},"40":{"start":{"line":146,"column":7},"end":{"line":146,"column":35}},"41":{"start":{"line":149,"column":5},"end":{"line":151,"column":6}},"42":{"start":{"line":150,"column":7},"end":{"line":150,"column":35}},"43":{"start":{"line":161,"column":14},"end":{"line":161,"column":32}},"44":{"start":{"line":162,"column":17},"end":{"line":162,"column":21}},"45":{"start":{"line":163,"column":5},"end":{"line":169,"column":6}},"46":{"start":{"line":164,"column":7},"end":{"line":164,"column":22}},"47":{"start":{"line":165,"column":12},"end":{"line":169,"column":6}},"48":{"start":{"line":166,"column":7},"end":{"line":166,"column":22}},"49":{"start":{"line":168,"column":7},"end":{"line":168,"column":19}},"50":{"start":{"line":171,"column":5},"end":{"line":171,"column":20}},"51":{"start":{"line":172,"column":18},"end":{"line":172,"column":52}},"52":{"start":{"line":173,"column":5},"end":{"line":183,"column":6}},"53":{"start":{"line":174,"column":7},"end":{"line":174,"column":52}},"54":{"start":{"line":175,"column":7},"end":{"line":175,"column":68}},"55":{"start":{"line":176,"column":7},"end":{"line":176,"column":76}},"56":{"start":{"line":177,"column":7},"end":{"line":180,"column":46}},"57":{"start":{"line":178,"column":10},"end":{"line":178,"column":46}},"58":{"start":{"line":180,"column":10},"end":{"line":180,"column":46}},"59":{"start":{"line":182,"column":7},"end":{"line":182,"column":60}},"60":{"start":{"line":185,"column":5},"end":{"line":185,"column":34}},"61":{"start":{"line":189,"column":0},"end":{"line":193,"column":2}}},"fnMap":{"0":{"name":"(anonymous_0)","decl":{"start":{"line":19,"column":2},"end":{"line":19,"column":3}},"loc":{"start":{"line":19,"column":16},"end":{"line":24,"column":3}},"line":19},"1":{"name":"(anonymous_1)","decl":{"start":{"line":31,"column":2},"end":{"line":31,"column":3}},"loc":{"start":{"line":31,"column":15},"end":{"line":38,"column":3}},"line":31},"2":{"name":"(anonymous_2)","decl":{"start":{"line":45,"column":2},"end":{"line":45,"column":3}},"loc":{"start":{"line":45,"column":18},"end":{"line":57,"column":3}},"line":45},"3":{"name":"(anonymous_3)","decl":{"start":{"line":63,"column":3},"end":{"line":63,"column":4}},"loc":{"start":{"line":63,"column":16},"end":{"line":65,"column":4}},"line":63},"4":{"name":"(anonymous_4)","decl":{"start":{"line":73,"column":3},"end":{"line":73,"column":4}},"loc":{"start":{"line":73,"column":24},"end":{"line":109,"column":4}},"line":73},"5":{"name":"(anonymous_5)","decl":{"start":{"line":117,"column":3},"end":{"line":117,"column":4}},"loc":{"start":{"line":117,"column":23},"end":{"line":137,"column":4}},"line":117},"6":{"name":"(anonymous_6)","decl":{"start":{"line":144,"column":3},"end":{"line":144,"column":4}},"loc":{"start":{"line":144,"column":23},"end":{"line":152,"column":4}},"line":144},"7":{"name":"(anonymous_7)","decl":{"start":{"line":160,"column":3},"end":{"line":160,"column":4}},"loc":{"start":{"line":160,"column":22},"end":{"line":186,"column":4}},"line":160}},"branchMap":{"0":{"loc":{"start":{"line":32,"column":4},"end":{"line":37,"column":5}},"type":"if","locations":[{"start":{"line":32,"column":4},"end":{"line":37,"column":5}},{"start":{"line":32,"column":4},"end":{"line":37,"column":5}}],"line":32},"1":{"loc":{"start":{"line":47,"column":4},"end":{"line":49,"column":5}},"type":"if","locations":[{"start":{"line":47,"column":4},"end":{"line":49,"column":5}},{"start":{"line":47,"column":4},"end":{"line":49,"column":5}}],"line":47},"2":{"loc":{"start":{"line":51,"column":4},"end":{"line":56,"column":5}},"type":"if","locations":[{"start":{"line":51,"column":4},"end":{"line":56,"column":5}},{"start":{"line":51,"column":4},"end":{"line":56,"column":5}}],"line":51},"3":{"loc":{"start":{"line":75,"column":5},"end":{"line":77,"column":6}},"type":"if","locations":[{"start":{"line":75,"column":5},"end":{"line":77,"column":6}},{"start":{"line":75,"column":5},"end":{"line":77,"column":6}}],"line":75},"4":{"loc":{"start":{"line":80,"column":5},"end":{"line":82,"column":6}},"type":"if","locations":[{"start":{"line":80,"column":5},"end":{"line":82,"column":6}},{"start":{"line":80,"column":5},"end":{"line":82,"column":6}}],"line":80},"5":{"loc":{"start":{"line":85,"column":5},"end":{"line":87,"column":6}},"type":"if","locations":[{"start":{"line":85,"column":5},"end":{"line":87,"column":6}},{"start":{"line":85,"column":5},"end":{"line":87,"column":6}}],"line":85},"6":{"loc":{"start":{"line":90,"column":5},"end":{"line":92,"column":6}},"type":"if","locations":[{"start":{"line":90,"column":5},"end":{"line":92,"column":6}},{"start":{"line":90,"column":5},"end":{"line":92,"column":6}}],"line":90},"7":{"loc":{"start":{"line":95,"column":5},"end":{"line":97,"column":6}},"type":"if","locations":[{"start":{"line":95,"column":5},"end":{"line":97,"column":6}},{"start":{"line":95,"column":5},"end":{"line":97,"column":6}}],"line":95},"8":{"loc":{"start":{"line":100,"column":5},"end":{"line":102,"column":6}},"type":"if","locations":[{"start":{"line":100,"column":5},"end":{"line":102,"column":6}},{"start":{"line":100,"column":5},"end":{"line":102,"column":6}}],"line":100},"9":{"loc":{"start":{"line":145,"column":5},"end":{"line":147,"column":6}},"type":"if","locations":[{"start":{"line":145,"column":5},"end":{"line":147,"column":6}},{"start":{"line":145,"column":5},"end":{"line":147,"column":6}}],"line":145},"10":{"loc":{"start":{"line":149,"column":5},"end":{"line":151,"column":6}},"type":"if","locations":[{"start":{"line":149,"column":5},"end":{"line":151,"column":6}},{"start":{"line":149,"column":5},"end":{"line":151,"column":6}}],"line":149},"11":{"loc":{"start":{"line":163,"column":5},"end":{"line":169,"column":6}},"type":"if","locations":[{"start":{"line":163,"column":5},"end":{"line":169,"column":6}},{"start":{"line":163,"column":5},"end":{"line":169,"column":6}}],"line":163},"12":{"loc":{"start":{"line":165,"column":12},"end":{"line":169,"column":6}},"type":"if","locations":[{"start":{"line":165,"column":12},"end":{"line":169,"column":6}},{"start":{"line":165,"column":12},"end":{"line":169,"column":6}}],"line":165},"13":{"loc":{"start":{"line":173,"column":5},"end":{"line":183,"column":6}},"type":"if","locations":[{"start":{"line":173,"column":5},"end":{"line":183,"column":6}},{"start":{"line":173,"column":5},"end":{"line":183,"column":6}}],"line":173},"14":{"loc":{"start":{"line":177,"column":7},"end":{"line":180,"column":46}},"type":"if","locations":[{"start":{"line":177,"column":7},"end":{"line":180,"column":46}},{"start":{"line":177,"column":7},"end":{"line":180,"column":46}}],"line":177}},"s":{"0":1,"1":1,"2":1,"3":8,"4":8,"5":8,"6":8,"7":14,"8":1,"9":13,"10":13,"11":2,"12":0,"13":2,"14":1,"15":1,"16":1,"17":3,"18":4,"19":0,"20":4,"21":0,"22":4,"23":0,"24":4,"25":0,"26":4,"27":1,"28":3,"29":0,"30":3,"31":3,"32":3,"33":0,"34":0,"35":0,"36":0,"37":0,"38":0,"39":1,"40":0,"41":1,"42":0,"43":0,"44":0,"45":0,"46":0,"47":0,"48":0,"49":0,"50":0,"51":0,"52":0,"53":0,"54":0,"55":0,"56":0,"57":0,"58":0,"59":0,"60":0,"61":1},"f":{"0":8,"1":14,"2":2,"3":3,"4":4,"5":0,"6":1,"7":0},"b":{"0":[1,13],"1":[0,2],"2":[1,1],"3":[0,4],"4":[0,4],"5":[0,4],"6":[0,4],"7":[1,3],"8":[0,3],"9":[0,1],"10":[0,1],"11":[0,0],"12":[0,0],"13":[0,0],"14":[0,0]},"_coverageSchema":"1a1c01bbd47fc00a2c39e90264f33305004495a9","hash":"0c24c4224cbec6e15dd1a3c027ce6920255aeda1"}
}
