TN:
SF:src/client/BoardMock.js
FN:5,createEmptyMatrix
FN:17,initializeBoard
FN:28,(anonymous_2)
FN:42,(anonymous_3)
FN:44,(anonymous_4)
FNF:5
FNH:5
FNDA:2,createEmptyMatrix
FNDA:1,initializeBoard
FNDA:8,(anonymous_2)
FNDA:8,(anonymous_3)
FNDA:64,(anonymous_4)
DA:1,1
DA:3,1
DA:6,2
DA:7,2
DA:8,16
DA:9,16
DA:10,128
DA:12,16
DA:14,2
DA:18,1
DA:22,1
DA:23,1
DA:24,1
DA:28,1
DA:29,8
DA:30,8
DA:31,36
DA:32,32
DA:34,4
DA:35,4
DA:38,8
DA:42,1
DA:43,8
DA:44,8
DA:45,64
DA:48,1
LF:26
LH:26
BRDA:31,0,0,32
BRDA:31,0,1,4
BRF:2
BRH:2
end_of_record
TN:
SF:src/server/SystemManager.js
FN:19,(anonymous_0)
FN:30,(anonymous_1)
FN:44,(anonymous_2)
FN:57,(anonymous_3)
FN:67,(anonymous_4)
FN:97,(anonymous_5)
FN:124,(anonymous_6)
FN:134,(anonymous_7)
FNF:8
FNH:8
FNDA:27,(anonymous_0)
FNDA:51,(anonymous_1)
FNDA:2,(anonymous_2)
FNDA:3,(anonymous_3)
FNDA:24,(anonymous_4)
FNDA:18,(anonymous_5)
FNDA:1,(anonymous_6)
FNDA:46,(anonymous_7)
DA:1,1
DA:3,1
DA:9,1
DA:20,27
DA:21,27
DA:22,27
DA:31,51
DA:32,1
DA:34,50
DA:35,50
DA:45,2
DA:46,1
DA:47,1
DA:49,1
DA:58,3
DA:69,24
DA:70,1
DA:74,23
DA:75,1
DA:79,22
DA:80,1
DA:84,21
DA:85,1
DA:88,20
DA:99,18
DA:102,18
DA:105,18
DA:112,18
DA:113,18
DA:116,18
DA:135,46
DA:136,46
DA:137,46
DA:138,31
DA:139,15
DA:140,15
DA:142,0
DA:146,46
DA:147,46
DA:148,40
DA:149,40
DA:150,40
DA:151,40
DA:152,25
DA:154,15
DA:156,6
DA:159,46
DA:163,1
LF:48
LH:47
BRDA:31,0,0,1
BRDA:31,0,1,50
BRDA:45,1,0,1
BRDA:45,1,1,1
BRDA:69,2,0,1
BRDA:69,2,1,23
BRDA:74,3,0,1
BRDA:74,3,1,22
BRDA:79,4,0,1
BRDA:79,4,1,21
BRDA:84,5,0,1
BRDA:84,5,1,20
BRDA:137,6,0,31
BRDA:137,6,1,15
BRDA:139,7,0,15
BRDA:139,7,1,0
BRDA:147,8,0,40
BRDA:147,8,1,6
BRDA:151,9,0,25
BRDA:151,9,1,15
BRF:20
BRH:19
end_of_record
