TN:
SF:src/client/BoardMock.js
FN:5,createEmptyMatrix
FN:17,initializeBoard
FN:28,(anonymous_2)
FN:42,(anonymous_3)
FN:44,(anonymous_4)
FNF:5
FNH:5
FNDA:2,createEmptyMatrix
FNDA:1,initializeBoard
FNDA:8,(anonymous_2)
FNDA:8,(anonymous_3)
FNDA:64,(anonymous_4)
DA:1,1
DA:3,1
DA:6,2
DA:7,2
DA:8,16
DA:9,16
DA:10,128
DA:12,16
DA:14,2
DA:18,1
DA:22,1
DA:23,1
DA:24,1
DA:28,1
DA:29,8
DA:30,8
DA:31,36
DA:32,32
DA:34,4
DA:35,4
DA:38,8
DA:42,1
DA:43,8
DA:44,8
DA:45,64
DA:48,1
LF:26
LH:26
BRDA:31,0,0,32
BRDA:31,0,1,4
BRF:2
BRH:2
end_of_record
TN:
SF:src/server/SystemManager.js
FN:19,(anonymous_0)
FN:30,(anonymous_1)
FN:44,(anonymous_2)
FN:57,(anonymous_3)
FN:67,(anonymous_4)
FN:97,(anonymous_5)
FN:124,(anonymous_6)
FN:134,(anonymous_7)
FNF:8
FNH:6
FNDA:7,(anonymous_0)
FNDA:11,(anonymous_1)
FNDA:2,(anonymous_2)
FNDA:3,(anonymous_3)
FNDA:2,(anonymous_4)
FNDA:0,(anonymous_5)
FNDA:1,(anonymous_6)
FNDA:0,(anonymous_7)
DA:1,1
DA:3,1
DA:9,1
DA:20,7
DA:21,7
DA:22,7
DA:31,11
DA:32,1
DA:34,10
DA:35,10
DA:45,2
DA:46,1
DA:47,1
DA:49,1
DA:58,3
DA:69,2
DA:70,0
DA:74,2
DA:75,0
DA:79,2
DA:80,0
DA:84,2
DA:85,0
DA:88,2
DA:99,0
DA:102,0
DA:105,0
DA:112,0
DA:113,0
DA:116,0
DA:135,0
DA:136,0
DA:137,0
DA:138,0
DA:139,0
DA:140,0
DA:142,0
DA:145,0
DA:146,0
DA:147,0
DA:148,0
DA:149,0
DA:150,0
DA:151,0
DA:152,0
DA:154,0
DA:156,0
DA:159,0
DA:163,1
LF:49
LH:21
BRDA:31,0,0,1
BRDA:31,0,1,10
BRDA:45,1,0,1
BRDA:45,1,1,1
BRDA:69,2,0,0
BRDA:69,2,1,2
BRDA:74,3,0,0
BRDA:74,3,1,2
BRDA:79,4,0,0
BRDA:79,4,1,2
BRDA:84,5,0,0
BRDA:84,5,1,2
BRDA:137,6,0,0
BRDA:137,6,1,0
BRDA:139,7,0,0
BRDA:139,7,1,0
BRDA:147,8,0,0
BRDA:147,8,1,0
BRDA:151,9,0,0
BRDA:151,9,1,0
BRF:20
BRH:8
end_of_record
